<?xml version="1.0" encoding="UTF-8"?>
<!-- Generated by org.testng.reporters.JUnitReportReporter -->
<testsuite hostname="Lauras-MacBook-Pro.local" failures="0" tests="4" name="newautomation.march2024.WebTest" time="52.799" errors="0" timestamp="19 Mar 2024 18:34:14 GMT" skipped="0">
  <testcase classname="newautomation.march2024.WebTest" name="testLogin" time="10.009"/>
  <testcase classname="newautomation.march2024.WebTest" name="testLoginFailedWrongPassword" time="12.883"/>
  <testcase classname="newautomation.march2024.WebTest" name="testLoginFailedWrongUsernameAndPassword" time="19.329"/>
  <testcase classname="newautomation.march2024.WebTest" name="testLoginFailedWrongUsername" time="10.578"/>
</testsuite> <!-- newautomation.march2024.WebTest -->
