<?xml version="1.0" encoding="UTF-8"?>
<!-- Generated by org.testng.reporters.JUnitReportReporter -->
<testsuite hostname="Lauras-MacBook-Pro.local" failures="0" tests="1" name="newautomation.march2024.WebTest2" time="10.267" errors="0" timestamp="13 Mar 2024 07:51:11 GMT" skipped="0">
  <testcase classname="newautomation.march2024.WebTest2" name="testDropdown" time="10.267"/>
</testsuite> <!-- newautomation.march2024.WebTest2 -->
