<?xml version="1.0" encoding="UTF-8"?>
<!-- Generated by org.testng.reporters.JUnitReportReporter -->
<testsuite hostname="Lauras-MacBook-Pro.local" failures="0" tests="4" name="newautomation.march2024.WebTestAfterRefactor" time="59.789" errors="0" timestamp="13 Mar 2024 15:36:00 GMT" skipped="0">
  <testcase classname="newautomation.march2024.WebTestAfterRefactor" name="testLogin" time="12.731"/>
  <testcase classname="newautomation.march2024.WebTestAfterRefactor" name="testLoginFailedWrongUsernameAndPassword" time="17.566"/>
  <testcase classname="newautomation.march2024.WebTestAfterRefactor" name="testLoginFailedWrongUsername" time="17.698"/>
  <testcase classname="newautomation.march2024.WebTestAfterRefactor" name="testLoginFailedWrongPassword" time="11.794"/>
</testsuite> <!-- newautomation.march2024.WebTestAfterRefactor -->
