<?xml version="1.0" encoding="UTF-8"?>
<!-- Generated by org.testng.reporters.JUnitReportReporter -->
<testsuite hostname="Lauras-MacBook-Pro.local" failures="0" tests="1" name="newautomation.march2024.WebTestAfterPageFactory" time="11.436" errors="0" timestamp="14 Mar 2024 18:21:30 GMT" skipped="0">
  <testcase classname="newautomation.march2024.WebTestAfterPageFactory" name="testLogin" time="11.436"/>
</testsuite> <!-- newautomation.march2024.WebTestAfterPageFactory -->
