<?xml version="1.0" encoding="UTF-8"?>
<!-- Generated by org.testng.reporters.JUnitReportReporter -->
<testsuite hostname="Lauras-MacBook-Pro.local" failures="0" tests="1" name="newautomation.march2024.AppTest" time="0.007" errors="0" timestamp="13 Mar 2024 15:36:00 GMT" skipped="0">
  <testcase classname="newautomation.march2024.AppTest" name="shouldAnswerWithTrue" time="0.007"/>
</testsuite> <!-- newautomation.march2024.AppTest -->
