<?xml version="1.0" encoding="UTF-8"?>
<!-- Generated by org.testng.reporters.JUnitReportReporter -->
<testsuite hostname="Lauras-MacBook-Pro.local" failures="0" tests="1" name="newautomation.march2024.CommonTest" time="23.942" errors="0" timestamp="15 Mar 2024 15:10:29 GMT" skipped="0">
  <testcase classname="newautomation.march2024.CommonTest" name="testSwitching" time="23.942"/>
</testsuite> <!-- newautomation.march2024.CommonTest -->
