<?xml version="1.0" encoding="UTF-8"?>
<!-- Generated by org.testng.reporters.JUnitReportReporter -->
<testsuite hostname="Lauras-MacBook-Pro.local" failures="0" tests="4" name="newautomation.march2024.WebTestAfterPOM" time="47.532" errors="0" timestamp="14 Mar 2024 19:47:49 GMT" skipped="0">
  <testcase classname="newautomation.march2024.WebTestAfterPOM" name="testLogin" time="10.457"/>
  <testcase classname="newautomation.march2024.WebTestAfterPOM" name="testLoginFailedWrongUsername" time="10.403"/>
  <testcase classname="newautomation.march2024.WebTestAfterPOM" name="testLoginFailedWrongPassword" time="10.187"/>
  <testcase classname="newautomation.march2024.WebTestAfterPOM" name="testLoginFailedWrongUsernameAndPassword" time="16.485"/>
</testsuite> <!-- newautomation.march2024.WebTestAfterPOM -->
